2018-09-18 17:12:30.775 ERROR 9384 --- [main] o.s.b.l.LoggingApplicationListener       : Cannot set level: 'OFF' for 'com.netflix.discovery'
2018-09-18 17:12:30.775 ERROR 9384 --- [main] o.s.b.l.LoggingApplicationListener       : Cannot set level: 'DEBUG' for 'org.springframework.cloud'
2018-09-18 17:12:30.775 ERROR 9384 --- [main] o.s.b.l.LoggingApplicationListener       : Cannot set level: 'INFO' for 'com.javainuse'
2018-09-18 17:12:30.869  INFO 9384 --- [main] c.c.c.ConfigServicePropertySourceLocator : Fetching config from server at: http://localhost:8888
2018-09-18 17:12:32.132  WARN 9384 --- [main] c.c.c.ConfigServicePropertySourceLocator : Could not locate PropertySource: {"timestamp":1537308752070,"status":500,"error":"Internal Server Error","exception":"java.lang.IllegalStateException","message":"Cannot load environment","path":"/VISANET_dummyREST/default"}
2018-09-18 17:12:32.132  INFO 9384 --- [main] pe.com.visanet.rest.VisanetMain          : No active profile set, falling back to default profiles: default
2018-09-18 17:12:32.163  INFO 9384 --- [main] ationConfigEmbeddedWebApplicationContext : Refreshing org.springframework.boot.context.embedded.AnnotationConfigEmbeddedWebApplicationContext@2758fe70: startup date [Tue Sep 18 17:12:32 COT 2018]; parent: org.springframework.context.annotation.AnnotationConfigApplicationContext@17d10166
2018-09-18 17:12:34.525  INFO 9384 --- [main] o.s.b.f.xml.XmlBeanDefinitionReader      : Loading XML bean definitions from class path resource [spring/camel-context.xml]
2018-09-18 17:12:37.879  WARN 9384 --- [main] o.s.c.a.ConfigurationClassPostProcessor  : Cannot enhance @Configuration bean definition 'refreshScope' since its singleton instance has been created too early. The typical cause is a non-static @Bean method with a BeanDefinitionRegistryPostProcessor return type: Consider declaring such methods as 'static'.
2018-09-18 17:12:38.339  INFO 9384 --- [main] o.s.cloud.context.scope.GenericScope     : BeanFactory id=7aa8e5ad-4e97-3b70-9abf-200ff07577e3
2018-09-18 17:12:38.370  INFO 9384 --- [main] f.a.AutowiredAnnotationBeanPostProcessor : JSR-330 'javax.inject.Inject' annotation found and supported for autowiring
2018-09-18 17:12:38.594  INFO 9384 --- [main] trationDelegate$BeanPostProcessorChecker : Bean 'org.springframework.transaction.annotation.ProxyTransactionManagementConfiguration' of type [org.springframework.transaction.annotation.ProxyTransactionManagementConfiguration$$EnhancerBySpringCGLIB$$a9a05fe5] is not eligible for getting processed by all BeanPostProcessors (for example: not eligible for auto-proxying)
2018-09-18 17:12:38.699  INFO 9384 --- [main] trationDelegate$BeanPostProcessorChecker : Bean 'org.apache.camel.spring.boot.CamelAutoConfiguration' of type [org.apache.camel.spring.boot.CamelAutoConfiguration$$EnhancerBySpringCGLIB$$cbca2604] is not eligible for getting processed by all BeanPostProcessors (for example: not eligible for auto-proxying)
2018-09-18 17:12:38.787  INFO 9384 --- [main] trationDelegate$BeanPostProcessorChecker : Bean 'org.springframework.cloud.autoconfigure.ConfigurationPropertiesRebinderAutoConfiguration' of type [org.springframework.cloud.autoconfigure.ConfigurationPropertiesRebinderAutoConfiguration$$EnhancerBySpringCGLIB$$c5ba62e2] is not eligible for getting processed by all BeanPostProcessors (for example: not eligible for auto-proxying)
2018-09-18 17:12:39.922  INFO 9384 --- [main] s.b.c.e.t.TomcatEmbeddedServletContainer : Tomcat initialized with port(s): 9002 (http)
2018-09-18 17:12:39.953  INFO 9384 --- [main] o.apache.catalina.core.StandardService   : Starting service [Tomcat]
2018-09-18 17:12:39.969  INFO 9384 --- [main] org.apache.catalina.core.StandardEngine  : Starting Servlet Engine: Apache Tomcat/8.5.15
2018-09-18 17:12:40.219  INFO 9384 --- [localhost-startStop-1] o.a.c.c.C.[Tomcat].[localhost].[/]       : Initializing Spring embedded WebApplicationContext
2018-09-18 17:12:40.221  INFO 9384 --- [localhost-startStop-1] o.s.web.context.ContextLoader            : Root WebApplicationContext: initialization completed in 8057 ms
2018-09-18 17:12:41.059  INFO 9384 --- [localhost-startStop-1] o.s.b.w.servlet.ServletRegistrationBean  : Mapping servlet: 'dispatcherServlet' to [/]
2018-09-18 17:12:41.072  INFO 9384 --- [localhost-startStop-1] o.s.b.w.servlet.FilterRegistrationBean   : Mapping filter: 'metricsFilter' to: [/*]
2018-09-18 17:12:41.073  INFO 9384 --- [localhost-startStop-1] o.s.b.w.servlet.FilterRegistrationBean   : Mapping filter: 'characterEncodingFilter' to: [/*]
2018-09-18 17:12:41.074  INFO 9384 --- [localhost-startStop-1] o.s.b.w.servlet.FilterRegistrationBean   : Mapping filter: 'hiddenHttpMethodFilter' to: [/*]
2018-09-18 17:12:41.075  INFO 9384 --- [localhost-startStop-1] o.s.b.w.servlet.FilterRegistrationBean   : Mapping filter: 'httpPutFormContentFilter' to: [/*]
2018-09-18 17:12:41.076  INFO 9384 --- [localhost-startStop-1] o.s.b.w.servlet.FilterRegistrationBean   : Mapping filter: 'requestContextFilter' to: [/*]
2018-09-18 17:12:41.076  INFO 9384 --- [localhost-startStop-1] o.s.b.w.servlet.FilterRegistrationBean   : Mapping filter: 'webRequestLoggingFilter' to: [/*]
2018-09-18 17:12:41.077  INFO 9384 --- [localhost-startStop-1] o.s.b.w.servlet.FilterRegistrationBean   : Mapping filter: 'applicationContextIdFilter' to: [/*]
2018-09-18 17:12:42.658  INFO 9384 --- [main] j.LocalContainerEntityManagerFactoryBean : Building JPA container EntityManagerFactory for persistence unit 'default'
2018-09-18 17:12:42.758  INFO 9384 --- [main] o.hibernate.jpa.internal.util.LogHelper  : HHH000204: Processing PersistenceUnitInfo [
	name: default
	...]
2018-09-18 17:12:43.196  INFO 9384 --- [main] org.hibernate.Version                    : HHH000412: Hibernate Core {5.0.12.Final}
2018-09-18 17:12:43.196  INFO 9384 --- [main] org.hibernate.cfg.Environment            : HHH000206: hibernate.properties not found
2018-09-18 17:12:43.196  INFO 9384 --- [main] org.hibernate.cfg.Environment            : HHH000021: Bytecode provider name : javassist
2018-09-18 17:12:43.446  INFO 9384 --- [main] o.hibernate.annotations.common.Version   : HCANN000001: Hibernate Commons Annotations {5.0.1.Final}
2018-09-18 17:12:44.151  INFO 9384 --- [main] org.hibernate.dialect.Dialect            : HHH000400: Using dialect: org.hibernate.dialect.H2Dialect
2018-09-18 17:12:44.949  INFO 9384 --- [main] org.hibernate.tool.hbm2ddl.SchemaExport  : HHH000227: Running hbm2ddl schema export
2018-09-18 17:12:44.964  INFO 9384 --- [main] org.hibernate.tool.hbm2ddl.SchemaExport  : HHH000230: Schema export complete
2018-09-18 17:12:45.089  INFO 9384 --- [main] j.LocalContainerEntityManagerFactoryBean : Initialized JPA EntityManagerFactory for persistence unit 'default'
2018-09-18 17:12:47.886  INFO 9384 --- [main] o.s.cloud.commons.util.InetUtils         : Cannot determine local hostname
2018-09-18 17:12:48.699  INFO 9384 --- [main] o.a.c.c.C.[Tomcat].[localhost].[/]       : jolokia: No access restrictor found, access to any MBean is allowed
2018-09-18 17:12:49.429  INFO 9384 --- [main] s.w.s.m.m.a.RequestMappingHandlerAdapter : Looking for @ControllerAdvice: org.springframework.boot.context.embedded.AnnotationConfigEmbeddedWebApplicationContext@2758fe70: startup date [Tue Sep 18 17:12:32 COT 2018]; parent: org.springframework.context.annotation.AnnotationConfigApplicationContext@17d10166
2018-09-18 17:12:49.784  INFO 9384 --- [main] s.w.s.m.m.a.RequestMappingHandlerMapping : Mapped "{[/visanet/services/delete/solicitudes/{soliciId}],methods=[DELETE],produces=[application/json]}" onto public pe.com.visanet.rest.ventas.generatesolicitude.ws.types.ParametrosResponseDELETEType pe.com.visanet.rest.controller.SolicitudesServiceImpl.deleteSolicitud(java.lang.String) throws java.lang.Exception
2018-09-18 17:12:49.784  INFO 9384 --- [main] s.w.s.m.m.a.RequestMappingHandlerMapping : Mapped "{[/visanet/services/get/solicitudes/{soliciId}],methods=[GET],produces=[application/json]}" onto public pe.com.visanet.rest.ventas.generatesolicitude.ws.types.ParametrosResponseGETType pe.com.visanet.rest.controller.SolicitudesServiceImpl.getSolicitudesById(java.lang.String) throws java.lang.Exception
2018-09-18 17:12:49.784  INFO 9384 --- [main] s.w.s.m.m.a.RequestMappingHandlerMapping : Mapped "{[/visanet/services/post/solicitudes],methods=[POST],produces=[application/json]}" onto public pe.com.visanet.rest.ventas.generatesolicitude.ws.types.ParametrosResponsePOSTType pe.com.visanet.rest.controller.SolicitudesServiceImpl.registerSolicitud(pe.com.visanet.rest.ventas.generatesolicitude.ws.types.ParametrosRequestPOSTType) throws java.lang.Exception
2018-09-18 17:12:49.800  INFO 9384 --- [main] s.w.s.m.m.a.RequestMappingHandlerMapping : Mapped "{[/error]}" onto public org.springframework.http.ResponseEntity<java.util.Map<java.lang.String, java.lang.Object>> org.springframework.boot.autoconfigure.web.BasicErrorController.error(javax.servlet.http.HttpServletRequest)
2018-09-18 17:12:49.800  INFO 9384 --- [main] s.w.s.m.m.a.RequestMappingHandlerMapping : Mapped "{[/error],produces=[text/html]}" onto public org.springframework.web.servlet.ModelAndView org.springframework.boot.autoconfigure.web.BasicErrorController.errorHtml(javax.servlet.http.HttpServletRequest,javax.servlet.http.HttpServletResponse)
2018-09-18 17:12:49.863  INFO 9384 --- [main] o.s.w.s.handler.SimpleUrlHandlerMapping  : Mapped URL path [/webjars/**] onto handler of type [class org.springframework.web.servlet.resource.ResourceHttpRequestHandler]
2018-09-18 17:12:49.863  INFO 9384 --- [main] o.s.w.s.handler.SimpleUrlHandlerMapping  : Mapped URL path [/**] onto handler of type [class org.springframework.web.servlet.resource.ResourceHttpRequestHandler]
2018-09-18 17:12:49.925  INFO 9384 --- [main] o.s.w.s.handler.SimpleUrlHandlerMapping  : Mapped URL path [/**/favicon.ico] onto handler of type [class org.springframework.web.servlet.resource.ResourceHttpRequestHandler]
2018-09-18 17:12:50.191  INFO 9384 --- [main] o.s.s.c.ThreadPoolTaskScheduler          : Initializing ExecutorService  'registrationTaskScheduler'
2018-09-18 17:12:50.566  INFO 9384 --- [main] o.a.c.i.converter.DefaultTypeConverter   : Loaded 190 type converters
2018-09-18 17:12:51.661  INFO 9384 --- [main] o.s.b.a.e.mvc.EndpointHandlerMapping     : Mapped "{[/metrics/{name:.*}],methods=[GET],produces=[application/vnd.spring-boot.actuator.v1+json || application/json]}" onto public java.lang.Object org.springframework.boot.actuate.endpoint.mvc.MetricsMvcEndpoint.value(java.lang.String)
2018-09-18 17:12:51.661  INFO 9384 --- [main] o.s.b.a.e.mvc.EndpointHandlerMapping     : Mapped "{[/metrics || /metrics.json],methods=[GET],produces=[application/vnd.spring-boot.actuator.v1+json || application/json]}" onto public java.lang.Object org.springframework.boot.actuate.endpoint.mvc.EndpointMvcAdapter.invoke()
2018-09-18 17:12:51.677  INFO 9384 --- [main] o.s.b.a.e.mvc.EndpointHandlerMapping     : Mapped "{[/auditevents || /auditevents.json],methods=[GET],produces=[application/vnd.spring-boot.actuator.v1+json || application/json]}" onto public org.springframework.http.ResponseEntity<?> org.springframework.boot.actuate.endpoint.mvc.AuditEventsMvcEndpoint.findByPrincipalAndAfterAndType(java.lang.String,java.util.Date,java.lang.String)
2018-09-18 17:12:51.677  INFO 9384 --- [main] o.s.b.a.e.mvc.EndpointHandlerMapping     : Mapped "{[/configprops || /configprops.json],methods=[GET],produces=[application/vnd.spring-boot.actuator.v1+json || application/json]}" onto public java.lang.Object org.springframework.boot.actuate.endpoint.mvc.EndpointMvcAdapter.invoke()
2018-09-18 17:12:51.677  INFO 9384 --- [main] o.s.b.a.e.mvc.EndpointHandlerMapping     : Mapped "{[/info || /info.json],methods=[GET],produces=[application/vnd.spring-boot.actuator.v1+json || application/json]}" onto public java.lang.Object org.springframework.boot.actuate.endpoint.mvc.EndpointMvcAdapter.invoke()
2018-09-18 17:12:51.677  INFO 9384 --- [main] o.s.b.a.e.mvc.EndpointHandlerMapping     : Mapped "{[/refresh || /refresh.json],methods=[POST]}" onto public java.lang.Object org.springframework.cloud.endpoint.GenericPostableMvcEndpoint.invoke()
2018-09-18 17:12:51.677  INFO 9384 --- [main] o.s.b.a.e.mvc.EndpointHandlerMapping     : Mapped "{[/resume || /resume.json],methods=[POST]}" onto public java.lang.Object org.springframework.cloud.endpoint.GenericPostableMvcEndpoint.invoke()
2018-09-18 17:12:51.677  INFO 9384 --- [main] o.s.b.a.e.mvc.EndpointHandlerMapping     : Mapped "{[/heapdump || /heapdump.json],methods=[GET],produces=[application/octet-stream]}" onto public void org.springframework.boot.actuate.endpoint.mvc.HeapdumpMvcEndpoint.invoke(boolean,javax.servlet.http.HttpServletRequest,javax.servlet.http.HttpServletResponse) throws java.io.IOException,javax.servlet.ServletException
2018-09-18 17:12:51.677  INFO 9384 --- [main] o.s.b.a.e.mvc.EndpointHandlerMapping     : Mapped "{[/archaius || /archaius.json],methods=[GET],produces=[application/vnd.spring-boot.actuator.v1+json || application/json]}" onto public java.lang.Object org.springframework.boot.actuate.endpoint.mvc.EndpointMvcAdapter.invoke()
2018-09-18 17:12:51.692  INFO 9384 --- [main] o.s.b.a.e.mvc.EndpointHandlerMapping     : Mapped "{[/logfile || /logfile.json],methods=[GET || HEAD]}" onto public void org.springframework.boot.actuate.endpoint.mvc.LogFileMvcEndpoint.invoke(javax.servlet.http.HttpServletRequest,javax.servlet.http.HttpServletResponse) throws javax.servlet.ServletException,java.io.IOException
2018-09-18 17:12:51.692  INFO 9384 --- [main] o.s.b.a.e.mvc.EndpointHandlerMapping     : Mapped "{[/jolokia/**]}" onto public org.springframework.web.servlet.ModelAndView org.springframework.boot.actuate.endpoint.mvc.JolokiaMvcEndpoint.handle(javax.servlet.http.HttpServletRequest,javax.servlet.http.HttpServletResponse) throws java.lang.Exception
2018-09-18 17:12:51.692  INFO 9384 --- [main] o.s.b.a.e.mvc.EndpointHandlerMapping     : Mapped "{[/dump || /dump.json],methods=[GET],produces=[application/vnd.spring-boot.actuator.v1+json || application/json]}" onto public java.lang.Object org.springframework.boot.actuate.endpoint.mvc.EndpointMvcAdapter.invoke()
2018-09-18 17:12:51.692  INFO 9384 --- [main] o.s.b.a.e.mvc.EndpointHandlerMapping     : Mapped "{[/env],methods=[POST]}" onto public java.lang.Object org.springframework.cloud.context.environment.EnvironmentManagerMvcEndpoint.value(java.util.Map<java.lang.String, java.lang.String>)
2018-09-18 17:12:51.692  INFO 9384 --- [main] o.s.b.a.e.mvc.EndpointHandlerMapping     : Mapped "{[/env/reset],methods=[POST]}" onto public java.util.Map<java.lang.String, java.lang.Object> org.springframework.cloud.context.environment.EnvironmentManagerMvcEndpoint.reset()
2018-09-18 17:12:51.708  INFO 9384 --- [main] o.s.b.a.e.mvc.EndpointHandlerMapping     : Mapped "{[/pause || /pause.json],methods=[POST]}" onto public java.lang.Object org.springframework.cloud.endpoint.GenericPostableMvcEndpoint.invoke()
2018-09-18 17:12:51.708  INFO 9384 --- [main] o.s.b.a.e.mvc.EndpointHandlerMapping     : Mapped "{[/autoconfig || /autoconfig.json],methods=[GET],produces=[application/vnd.spring-boot.actuator.v1+json || application/json]}" onto public java.lang.Object org.springframework.boot.actuate.endpoint.mvc.EndpointMvcAdapter.invoke()
2018-09-18 17:12:51.708  INFO 9384 --- [main] o.s.b.a.e.mvc.EndpointHandlerMapping     : Mapped "{[/loggers/{name:.*}],methods=[GET],produces=[application/vnd.spring-boot.actuator.v1+json || application/json]}" onto public java.lang.Object org.springframework.boot.actuate.endpoint.mvc.LoggersMvcEndpoint.get(java.lang.String)
2018-09-18 17:12:51.708  INFO 9384 --- [main] o.s.b.a.e.mvc.EndpointHandlerMapping     : Mapped "{[/loggers/{name:.*}],methods=[POST],consumes=[application/vnd.spring-boot.actuator.v1+json || application/json],produces=[application/vnd.spring-boot.actuator.v1+json || application/json]}" onto public java.lang.Object org.springframework.boot.actuate.endpoint.mvc.LoggersMvcEndpoint.set(java.lang.String,java.util.Map<java.lang.String, java.lang.String>)
2018-09-18 17:12:51.708  INFO 9384 --- [main] o.s.b.a.e.mvc.EndpointHandlerMapping     : Mapped "{[/loggers || /loggers.json],methods=[GET],produces=[application/vnd.spring-boot.actuator.v1+json || application/json]}" onto public java.lang.Object org.springframework.boot.actuate.endpoint.mvc.EndpointMvcAdapter.invoke()
2018-09-18 17:12:51.723  INFO 9384 --- [main] o.s.b.a.e.mvc.EndpointHandlerMapping     : Mapped "{[/trace || /trace.json],methods=[GET],produces=[application/vnd.spring-boot.actuator.v1+json || application/json]}" onto public java.lang.Object org.springframework.boot.actuate.endpoint.mvc.EndpointMvcAdapter.invoke()
2018-09-18 17:12:51.723  INFO 9384 --- [main] o.s.b.a.e.mvc.EndpointHandlerMapping     : Mapped "{[/mappings || /mappings.json],methods=[GET],produces=[application/vnd.spring-boot.actuator.v1+json || application/json]}" onto public java.lang.Object org.springframework.boot.actuate.endpoint.mvc.EndpointMvcAdapter.invoke()
2018-09-18 17:12:51.723  INFO 9384 --- [main] o.s.b.a.e.mvc.EndpointHandlerMapping     : Mapped "{[/env/{name:.*}],methods=[GET],produces=[application/vnd.spring-boot.actuator.v1+json || application/json]}" onto public java.lang.Object org.springframework.boot.actuate.endpoint.mvc.EnvironmentMvcEndpoint.value(java.lang.String)
2018-09-18 17:12:51.723  INFO 9384 --- [main] o.s.b.a.e.mvc.EndpointHandlerMapping     : Mapped "{[/env || /env.json],methods=[GET],produces=[application/vnd.spring-boot.actuator.v1+json || application/json]}" onto public java.lang.Object org.springframework.boot.actuate.endpoint.mvc.EndpointMvcAdapter.invoke()
2018-09-18 17:12:51.723  INFO 9384 --- [main] o.s.b.a.e.mvc.EndpointHandlerMapping     : Mapped "{[/beans || /beans.json],methods=[GET],produces=[application/vnd.spring-boot.actuator.v1+json || application/json]}" onto public java.lang.Object org.springframework.boot.actuate.endpoint.mvc.EndpointMvcAdapter.invoke()
2018-09-18 17:12:51.723  INFO 9384 --- [main] o.s.b.a.e.mvc.EndpointHandlerMapping     : Mapped "{[/restart || /restart.json],methods=[POST]}" onto public java.lang.Object org.springframework.cloud.context.restart.RestartMvcEndpoint.invoke()
2018-09-18 17:12:51.723  INFO 9384 --- [main] o.s.b.a.e.mvc.EndpointHandlerMapping     : Mapped "{[/health || /health.json],methods=[GET],produces=[application/vnd.spring-boot.actuator.v1+json || application/json]}" onto public java.lang.Object org.springframework.boot.actuate.endpoint.mvc.HealthMvcEndpoint.invoke(javax.servlet.http.HttpServletRequest,java.security.Principal)
2018-09-18 17:12:51.723  INFO 9384 --- [main] o.s.b.a.e.mvc.EndpointHandlerMapping     : Mapped "{[/features || /features.json],methods=[GET],produces=[application/vnd.spring-boot.actuator.v1+json || application/json]}" onto public java.lang.Object org.springframework.boot.actuate.endpoint.mvc.EndpointMvcAdapter.invoke()
2018-09-18 17:12:52.038  WARN 9384 --- [main] c.n.c.sources.URLConfigurationSource     : No URLs will be polled as dynamic configuration sources.
2018-09-18 17:12:52.038  INFO 9384 --- [main] c.n.c.sources.URLConfigurationSource     : To enable URLs as dynamic configuration sources, define System property archaius.configurationSource.additionalUrls or make config.properties available on classpath.
2018-09-18 17:12:52.054  WARN 9384 --- [main] c.n.c.sources.URLConfigurationSource     : No URLs will be polled as dynamic configuration sources.
2018-09-18 17:12:52.070  INFO 9384 --- [main] c.n.c.sources.URLConfigurationSource     : To enable URLs as dynamic configuration sources, define System property archaius.configurationSource.additionalUrls or make config.properties available on classpath.
2018-09-18 17:12:52.288  INFO 9384 --- [main] o.s.j.e.a.AnnotationMBeanExporter        : Registering beans for JMX exposure on startup
2018-09-18 17:12:52.304  INFO 9384 --- [main] o.s.j.e.a.AnnotationMBeanExporter        : Bean with name 'refreshScope' has been autodetected for JMX exposure
2018-09-18 17:12:52.304  INFO 9384 --- [main] o.s.j.e.a.AnnotationMBeanExporter        : Bean with name 'environmentManager' has been autodetected for JMX exposure
2018-09-18 17:12:52.304  INFO 9384 --- [main] o.s.j.e.a.AnnotationMBeanExporter        : Bean with name 'configurationPropertiesRebinder' has been autodetected for JMX exposure
2018-09-18 17:12:52.320  INFO 9384 --- [main] o.s.j.e.a.AnnotationMBeanExporter        : Bean with name 'refreshEndpoint' has been autodetected for JMX exposure
2018-09-18 17:12:52.320  INFO 9384 --- [main] o.s.j.e.a.AnnotationMBeanExporter        : Bean with name 'restartEndpoint' has been autodetected for JMX exposure
2018-09-18 17:12:52.335  INFO 9384 --- [main] o.s.j.e.a.AnnotationMBeanExporter        : Located managed bean 'environmentManager': registering with JMX server as MBean [org.springframework.cloud.context.environment:name=environmentManager,type=EnvironmentManager]
2018-09-18 17:12:52.367  INFO 9384 --- [main] o.s.j.e.a.AnnotationMBeanExporter        : Located managed bean 'restartEndpoint': registering with JMX server as MBean [org.springframework.cloud.context.restart:name=restartEndpoint,type=RestartEndpoint]
2018-09-18 17:12:52.398  INFO 9384 --- [main] o.s.j.e.a.AnnotationMBeanExporter        : Located managed bean 'refreshScope': registering with JMX server as MBean [org.springframework.cloud.context.scope.refresh:name=refreshScope,type=RefreshScope]
2018-09-18 17:12:52.413  INFO 9384 --- [main] o.s.j.e.a.AnnotationMBeanExporter        : Located managed bean 'configurationPropertiesRebinder': registering with JMX server as MBean [org.springframework.cloud.context.properties:name=configurationPropertiesRebinder,context=2758fe70,type=ConfigurationPropertiesRebinder]
2018-09-18 17:12:52.429  INFO 9384 --- [main] o.s.j.e.a.AnnotationMBeanExporter        : Located managed bean 'refreshEndpoint': registering with JMX server as MBean [org.springframework.cloud.endpoint:name=refreshEndpoint,type=RefreshEndpoint]
2018-09-18 17:12:52.445 ERROR 9384 --- [main] o.s.cloud.logging.LoggingRebinder        : Cannot set level: 'OFF' for 'com.netflix.discovery'
2018-09-18 17:12:52.445 ERROR 9384 --- [main] o.s.cloud.logging.LoggingRebinder        : Cannot set level: 'DEBUG' for 'org.springframework.cloud'
2018-09-18 17:12:52.445 ERROR 9384 --- [main] o.s.cloud.logging.LoggingRebinder        : Cannot set level: 'INFO' for 'com.javainuse'
2018-09-18 17:12:52.960  INFO 9384 --- [main] o.a.c.c.C.[Tomcat].[localhost].[/]       : jolokia: No access restrictor found, access to any MBean is allowed
2018-09-18 17:12:52.976  INFO 9384 --- [main] o.a.c.c.C.[Tomcat].[localhost].[/]       : jolokia: jolokia:type=Config is already registered. Adding it with jolokia:type=Config,uuid=ccf50483-47f3-4255-92d4-b5ac2dceb6ed, but you should revise your setup in order to either use a qualifier or ensure, that only a single agent gets registered (otherwise history functionality might not work)
2018-09-18 17:12:52.976  INFO 9384 --- [main] o.a.c.c.C.[Tomcat].[localhost].[/]       : jolokia: Cannot register (legacy) MBean handler for config store with name jmx4perl:type=Config since it already exists. This is the case if another agent has been already started within the same JVM. The registration is skipped.
2018-09-18 17:12:52.976  INFO 9384 --- [main] o.a.c.c.C.[Tomcat].[localhost].[/]       : jolokia: Jolokia Discovery MBean registration is skipped because there is already one registered.
2018-09-18 17:12:53.038  INFO 9384 --- [main] o.s.c.support.DefaultLifecycleProcessor  : Starting beans in phase 0
2018-09-18 17:12:53.054  INFO 9384 --- [main] o.s.c.n.eureka.InstanceInfoFactory       : Setting initial instance status as: STARTING
2018-09-18 17:12:53.991  INFO 9384 --- [main] c.n.d.provider.DiscoveryJerseyProvider   : Using JSON encoding codec LegacyJacksonJson
2018-09-18 17:12:53.991  INFO 9384 --- [main] c.n.d.provider.DiscoveryJerseyProvider   : Using JSON decoding codec LegacyJacksonJson
2018-09-18 17:12:54.413  INFO 9384 --- [main] c.n.d.provider.DiscoveryJerseyProvider   : Using XML encoding codec XStreamXml
2018-09-18 17:12:54.413  INFO 9384 --- [main] c.n.d.provider.DiscoveryJerseyProvider   : Using XML decoding codec XStreamXml
2018-09-18 17:12:54.973  INFO 9384 --- [main] c.n.d.s.r.aws.ConfigClusterResolver      : Resolving eureka endpoints via configuration
2018-09-18 17:12:55.301  INFO 9384 --- [main] com.netflix.discovery.DiscoveryClient    : Disable delta property : false
2018-09-18 17:12:55.301  INFO 9384 --- [main] com.netflix.discovery.DiscoveryClient    : Single vip registry refresh property : null
2018-09-18 17:12:55.317  INFO 9384 --- [main] com.netflix.discovery.DiscoveryClient    : Force full registry fetch : false
2018-09-18 17:12:55.317  INFO 9384 --- [main] com.netflix.discovery.DiscoveryClient    : Application is null : false
2018-09-18 17:12:55.317  INFO 9384 --- [main] com.netflix.discovery.DiscoveryClient    : Registered Applications size is zero : true
2018-09-18 17:12:55.317  INFO 9384 --- [main] com.netflix.discovery.DiscoveryClient    : Application version is -1: true
2018-09-18 17:12:55.317  INFO 9384 --- [main] com.netflix.discovery.DiscoveryClient    : Getting all instance registry info from the eureka server
2018-09-18 17:12:55.819  INFO 9384 --- [main] com.netflix.discovery.DiscoveryClient    : The response status is 200
2018-09-18 17:12:55.819  INFO 9384 --- [main] com.netflix.discovery.DiscoveryClient    : Starting heartbeat executor: renew interval is: 30
2018-09-18 17:12:55.819  INFO 9384 --- [main] c.n.discovery.InstanceInfoReplicator     : InstanceInfoReplicator onDemand update allowed rate per min is 4
2018-09-18 17:12:55.834  INFO 9384 --- [main] com.netflix.discovery.DiscoveryClient    : Discovery Client initialized at timestamp 1537308775834 with initial instances count: 1
2018-09-18 17:12:55.866  INFO 9384 --- [main] c.n.e.EurekaDiscoveryClientConfiguration : Registering application VISANET_dummyREST with eureka with status UP
2018-09-18 17:12:55.881  INFO 9384 --- [main] com.netflix.discovery.DiscoveryClient    : Saw local status change event StatusChangeEvent [timestamp=1537308775881, current=UP, previous=STARTING]
2018-09-18 17:12:55.881  INFO 9384 --- [DiscoveryClient-InstanceInfoReplicator-0] com.netflix.discovery.DiscoveryClient    : DiscoveryClient_VISANET_DUMMYREST/localhost:VISANET_dummyREST:9002 : registering service...
2018-09-18 17:12:56.006  INFO 9384 --- [main] o.a.camel.spring.boot.RoutesCollector    : Loading additional Camel XML routes from: classpath:camel/*.xml
2018-09-18 17:12:56.006  INFO 9384 --- [main] o.a.camel.spring.boot.RoutesCollector    : Loading additional Camel XML rests from: classpath:camel-rest/*.xml
2018-09-18 17:12:56.006  INFO 9384 --- [main] o.a.camel.spring.SpringCamelContext      : Apache Camel 2.18.1.redhat-000015 (CamelContext: camel) is starting
2018-09-18 17:12:56.022  INFO 9384 --- [DiscoveryClient-InstanceInfoReplicator-0] com.netflix.discovery.DiscoveryClient    : DiscoveryClient_VISANET_DUMMYREST/localhost:VISANET_dummyREST:9002  - registration status: 204
2018-09-18 17:12:56.022  INFO 9384 --- [main] o.a.c.m.ManagedManagementStrategy        : JMX is enabled
2018-09-18 17:12:56.397  INFO 9384 --- [main] o.a.c.i.DefaultRuntimeEndpointRegistry   : Runtime endpoint registry is in extended mode gathering usage statistics of all incoming and outgoing endpoints (cache limit: 1000)
2018-09-18 17:12:56.397  INFO 9384 --- [main] o.a.camel.spring.SpringCamelContext      : StreamCaching is not in use. If using streams then its recommended to enable stream caching. See more details at http://camel.apache.org/stream-caching.html
2018-09-18 17:12:56.397  INFO 9384 --- [main] o.a.camel.spring.SpringCamelContext      : Total 0 routes, of which 0 are started.
2018-09-18 17:12:56.412  INFO 9384 --- [main] o.a.camel.spring.SpringCamelContext      : Apache Camel 2.18.1.redhat-000015 (CamelContext: camel) started in 0.391 seconds
2018-09-18 17:12:56.522  INFO 9384 --- [main] s.b.c.e.t.TomcatEmbeddedServletContainer : Tomcat started on port(s): 9002 (http)
2018-09-18 17:12:56.522  INFO 9384 --- [main] c.n.e.EurekaDiscoveryClientConfiguration : Updating port to 9002
2018-09-18 17:12:56.537  INFO 9384 --- [main] pe.com.visanet.rest.VisanetMain          : Started VisanetMain in 31.435 seconds (JVM running for 32.625)
2018-09-18 17:13:05.644  INFO 9384 --- [registrationTask1] d.c.b.a.c.r.ApplicationRegistrator       : Application registered itself as {id=55984588, name=VISANET_dummyREST, managementUrl=http://NB-JLOPEZR.visanet.lan:9002, healthUrl=http://NB-JLOPEZR.visanet.lan:9002/health, serviceUrl=http://NB-JLOPEZR.visanet.lan:9002, statusInfo={status=UNKNOWN, timestamp=1537308785607, details={}}, source=http-api, metadata={}, info={}}
2018-09-18 17:13:37.703  INFO 9384 --- [http-nio-9002-exec-1] o.a.c.c.C.[Tomcat].[localhost].[/]       : Initializing Spring FrameworkServlet 'dispatcherServlet'
2018-09-18 17:13:37.704  INFO 9384 --- [http-nio-9002-exec-1] o.s.web.servlet.DispatcherServlet        : FrameworkServlet 'dispatcherServlet': initialization started
2018-09-18 17:13:37.748  INFO 9384 --- [http-nio-9002-exec-1] o.s.web.servlet.DispatcherServlet        : FrameworkServlet 'dispatcherServlet': initialization completed in 42 ms
2018-09-18 17:13:59.593  INFO 9384 --- [http-nio-9002-exec-6] c.c.c.ConfigServicePropertySourceLocator : Fetching config from server at: http://localhost:8888
2018-09-18 17:13:59.866  WARN 9384 --- [http-nio-9002-exec-6] c.c.c.ConfigServicePropertySourceLocator : Could not locate PropertySource: label not found
2018-09-18 17:14:03.056  INFO 9384 --- [http-nio-9002-exec-7] c.c.c.ConfigServicePropertySourceLocator : Fetching config from server at: http://localhost:8888
2018-09-18 17:14:03.080  WARN 9384 --- [http-nio-9002-exec-7] c.c.c.ConfigServicePropertySourceLocator : Could not locate PropertySource: label not found
2018-09-18 17:17:55.348  INFO 9384 --- [AsyncResolver-bootstrap-executor-0] c.n.d.s.r.aws.ConfigClusterResolver      : Resolving eureka endpoints via configuration
2018-09-18 17:22:55.360  INFO 9384 --- [AsyncResolver-bootstrap-executor-0] c.n.d.s.r.aws.ConfigClusterResolver      : Resolving eureka endpoints via configuration
2018-09-18 17:27:55.371  INFO 9384 --- [AsyncResolver-bootstrap-executor-0] c.n.d.s.r.aws.ConfigClusterResolver      : Resolving eureka endpoints via configuration
2018-09-18 17:32:55.387  INFO 9384 --- [AsyncResolver-bootstrap-executor-0] c.n.d.s.r.aws.ConfigClusterResolver      : Resolving eureka endpoints via configuration
2018-09-18 17:37:55.398  INFO 9384 --- [AsyncResolver-bootstrap-executor-0] c.n.d.s.r.aws.ConfigClusterResolver      : Resolving eureka endpoints via configuration
